[07:17:46] [Server thread/INFO]: Starting minecraft server version 1.8.8
[07:17:46] [Server thread/INFO]: Loading properties
[07:17:46] [Server thread/INFO]: Default game type: SURVIVAL
[07:17:47] [Server thread/INFO]: This server is running CraftBukkit version git-PaperSpigot-445 (MC: 1.8.8) (Implementing API version 1.8.8-R0.1-SNAPSHOT)
[07:17:47] [Server thread/INFO]: Debug logging is disabled
[07:17:47] [Server thread/INFO]: Spigot Timings: true - Verbose: true - Interval: 5m - Length: 60m
[07:17:47] [Server thread/INFO]: Using 4 threads for Netty based IO
[07:17:47] [Server thread/INFO]: Server Ping Player Sample Count: 12

[07:17:47] [Server thread/WARN]: java.lang.NoSuchFieldException: modifiers

[07:17:47] [Server thread/WARN]: 	at java.base/java.lang.Class.getDeclaredField(Class.java:2782)

[07:17:47] [Server thread/WARN]: 	at org.github.paperspigot.PaperSpigotConfig.stackableBuckets(PaperSpigotConfig.java:192)

[07:17:47] [Server thread/WARN]: 	at java.base/jdk.internal.reflect.DirectMethodHandleAccessor.invoke(DirectMethodHandleAccessor.java:103)

[07:17:47] [Server thread/WARN]: 	at java.base/java.lang.reflect.Method.invoke(Method.java:580)

[07:17:47] [Server thread/WARN]: 	at org.github.paperspigot.PaperSpigotConfig.readConfig(PaperSpigotConfig.java:84)

[07:17:47] [Server thread/WARN]: 	at org.github.paperspigot.PaperSpigotConfig.init(PaperSpigotConfig.java:62)

[07:17:47] [Server thread/WARN]: 	at net.minecraft.server.v1_8_R3.DedicatedServer.init(DedicatedServer.java:181)

[07:17:47] [Server thread/WARN]: 	at net.minecraft.server.v1_8_R3.MinecraftServer.run(MinecraftServer.java:563)

[07:17:47] [Server thread/WARN]: 	at java.base/java.lang.Thread.run(Thread.java:1583)

[07:17:47] [Server thread/INFO]: Data value allowed items: 
[07:17:47] [Server thread/INFO]: Generating keypair
[07:17:47] [Server thread/INFO]: Starting Minecraft server on localhost:25565
[07:17:47] [Server thread/INFO]: Your platform does not provide complete low-level API for accessing direct buffers reliably. Unless explicitly requested, heap buffer will always be preferred to avoid potential system unstability.
[07:17:47] [Server thread/INFO]: Using default channel type
[07:17:47] [Server thread/ERROR]: Ambiguous plugin name `EaglerPluginInstaller' for files `plugins/EaglerPluginInstaller-1.1.5.jar' and `plugins/EaglerPluginInstaller.jar' in `plugins'
[07:17:47] [Server thread/INFO]: Set PluginClassLoader as parallel capable
[07:17:47] [Server thread/ERROR]: Could not load 'plugins/Essentialsantibuild.jar' in folder 'plugins'
org.bukkit.plugin.UnknownDependencyException: Essentials
	at org.bukkit.plugin.SimplePluginManager.loadPlugins(SimplePluginManager.java:222) ~[patched_1.8.8.jar:git-PaperSpigot-445]
	at org.bukkit.craftbukkit.v1_8_R3.CraftServer.loadPlugins(CraftServer.java:293) ~[patched_1.8.8.jar:git-PaperSpigot-445]
	at net.minecraft.server.v1_8_R3.DedicatedServer.init(DedicatedServer.java:202) ~[patched_1.8.8.jar:git-PaperSpigot-445]
	at net.minecraft.server.v1_8_R3.MinecraftServer.run(MinecraftServer.java:563) ~[patched_1.8.8.jar:git-PaperSpigot-445]
	at java.lang.Thread.run(Thread.java:1583) [?:?]
[07:17:47] [Server thread/INFO]: [SimpleTpa] Loading SimpleTpa v6.4
[07:17:47] [Server thread/INFO]: [[EaglerPluginInstaller]] Loading EaglerPluginInstaller v1.1.4
[07:17:47] [Server thread/INFO]: [MyWarp] Loading MyWarp v2.6.1
[07:17:47] [Server thread/INFO]: [WorldEdit] Loading WorldEdit v6.1;no_git_id
[07:17:47] [Server thread/INFO]: [EssentialsProtect] Loading EssentialsProtect v2.11.1
[07:17:47] [Server thread/INFO]: [LoginSecurity] Loading LoginSecurity v3.2.0
[07:17:47] [Server thread/INFO]: [ClearLag] Loading ClearLag v2.3.1
[07:17:47] [Server thread/INFO]: [SimpleHomes] Loading SimpleHomes v2.2
[07:17:47] [Server thread/INFO]: [[EaglerPluginUpdater]] Loading EaglerPluginUpdater v1.1.2
[07:17:47] [Server thread/INFO]: [Multiverse-Core] Loading Multiverse-Core v2.5-b678
[07:17:47] [Server thread/INFO]: [DeluxeHub] Loading DeluxeHub v3.5.4
[07:17:47] [Server thread/INFO]: [BattleArena] Loading BattleArena v3.8.8.3.3
[07:17:47] [Server thread/WARN]: **** SERVER IS RUNNING IN OFFLINE/INSECURE MODE!
[07:17:47] [Server thread/WARN]: The server will make no attempt to authenticate usernames. Beware.
[07:17:47] [Server thread/WARN]: Whilst this makes it possible to use BungeeCord, unless access to your server is properly restricted, it also opens up the ability for hackers to connect with any username they choose.
[07:17:47] [Server thread/WARN]: Please see http://www.spigotmc.org/wiki/firewall-guide/ for further information.
[07:17:47] [Server thread/WARN]: To change this, set "online-mode" to "true" in the server.properties file.
[07:17:47] [Server thread/INFO]: **** Beginning UUID conversion, this may take A LONG time ****
[07:17:47] [Server thread/INFO]: Preparing level "world"
[07:17:47] [Server thread/INFO]: -------- World Settings For [world] --------
[07:17:47] [Server thread/INFO]: Mob Spawn Range: 4
[07:17:48] [Server thread/INFO]: Anti X-Ray: true
[07:17:48] [Server thread/INFO]: 	Engine Mode: 1
[07:17:48] [Server thread/INFO]: 	Hidden Blocks: [14, 15, 16, 21, 48, 49, 54, 56, 73, 74, 82, 129, 130]
[07:17:48] [Server thread/INFO]: 	Replace Blocks: [1, 5]
[07:17:48] [Server thread/INFO]: Nerfing mobs spawned from spawners: false
[07:17:48] [Server thread/INFO]: Cactus Growth Modifier: 100%
[07:17:48] [Server thread/INFO]: Cane Growth Modifier: 100%
[07:17:48] [Server thread/INFO]: Melon Growth Modifier: 100%
[07:17:48] [Server thread/INFO]: Mushroom Growth Modifier: 100%
[07:17:48] [Server thread/INFO]: Pumpkin Growth Modifier: 100%
[07:17:48] [Server thread/INFO]: Sapling Growth Modifier: 100%
[07:17:48] [Server thread/INFO]: Wheat Growth Modifier: 100%
[07:17:48] [Server thread/INFO]: NetherWart Growth Modifier: 100%
[07:17:48] [Server thread/INFO]: Entity Activation Range: An 32 / Mo 32 / Mi 16
[07:17:48] [Server thread/INFO]: Entity Tracking Range: Pl 48 / An 48 / Mo 48 / Mi 32 / Other 64
[07:17:48] [Server thread/INFO]: Hopper Transfer: 8 Hopper Check: 8 Hopper Amount: 1
[07:17:48] [Server thread/INFO]: Random Lighting Updates: false
[07:17:48] [Server thread/INFO]: Structure Info Saving: true
[07:17:48] [Server thread/INFO]: Sending up to 10 chunks per packet
[07:17:48] [Server thread/INFO]: Max Entity Collisions: 8
[07:17:48] [Server thread/INFO]: Custom Map Seeds:  Village: 10387312 Feature: 14357617
[07:17:48] [Server thread/INFO]: Max TNT Explosions: 100
[07:17:48] [Server thread/INFO]: Tile Max Tick Time: 50ms Entity max Tick Time: 50ms
[07:17:48] [Server thread/INFO]: Item Despawn Rate: 6000
[07:17:48] [Server thread/INFO]: Item Merge Radius: 2.5
[07:17:48] [Server thread/INFO]: Arrow Despawn Rate: 1200
[07:17:48] [Server thread/INFO]: Allow Zombie Pigmen to spawn from portal blocks: true
[07:17:48] [Server thread/INFO]: View Distance: 4
[07:17:48] [Server thread/INFO]: Zombie Aggressive Towards Villager: true
[07:17:48] [Server thread/INFO]: Chunks to Grow per Tick: 650
[07:17:48] [Server thread/INFO]: Clear tick list: false
[07:17:48] [Server thread/INFO]: Experience Merge Radius: 3.0
[07:17:48] [Server thread/INFO]: -------- World Settings For [world] --------
[07:17:48] [Server thread/INFO]: Squids will spawn between Y: 45.0 and Y: 63.0
[07:17:48] [Server thread/INFO]: Max height for cactus growth 3. Max height for reed growth 3
[07:17:48] [Server thread/INFO]: Living Entity Despawn Ranges:  Soft: 32 Hard: 128
[07:17:48] [Server thread/INFO]: Player blocking damage multiplier set to 0.5
[07:17:48] [Server thread/INFO]: Remove invalid mob spawner tile entities: true
[07:17:48] [Server thread/INFO]: Water over lava flow speed: 5
[07:17:48] [Server thread/INFO]: Fix TNT cannons: false
[07:17:48] [Server thread/INFO]: Allow undead horse types to be leashed: false
[07:17:48] [Server thread/INFO]: Keep spawn chunk loaded: true
[07:17:48] [Server thread/INFO]: World async lighting: false
[07:17:48] [Server thread/INFO]: WorldServer TickNextTick cap set at 10000
[07:17:48] [Server thread/INFO]: WorldServer TickNextTickList cap always processes redstone: false
[07:17:48] [Server thread/INFO]: -------- World Settings For [world_nether] --------
[07:17:48] [Server thread/INFO]: Mob Spawn Range: 4
[07:17:48] [Server thread/INFO]: Anti X-Ray: true
[07:17:48] [Server thread/INFO]: 	Engine Mode: 1
[07:17:48] [Server thread/INFO]: 	Hidden Blocks: [14, 15, 16, 21, 48, 49, 54, 56, 73, 74, 82, 129, 130]
[07:17:48] [Server thread/INFO]: 	Replace Blocks: [1, 5]
[07:17:48] [Server thread/INFO]: Nerfing mobs spawned from spawners: false
[07:17:48] [Server thread/INFO]: Cactus Growth Modifier: 100%
[07:17:48] [Server thread/INFO]: Cane Growth Modifier: 100%
[07:17:48] [Server thread/INFO]: Melon Growth Modifier: 100%
[07:17:48] [Server thread/INFO]: Mushroom Growth Modifier: 100%
[07:17:48] [Server thread/INFO]: Pumpkin Growth Modifier: 100%
[07:17:48] [Server thread/INFO]: Sapling Growth Modifier: 100%
[07:17:48] [Server thread/INFO]: Wheat Growth Modifier: 100%
[07:17:48] [Server thread/INFO]: NetherWart Growth Modifier: 100%
[07:17:48] [Server thread/INFO]: Entity Activation Range: An 32 / Mo 32 / Mi 16
[07:17:48] [Server thread/INFO]: Entity Tracking Range: Pl 48 / An 48 / Mo 48 / Mi 32 / Other 64
[07:17:48] [Server thread/INFO]: Hopper Transfer: 8 Hopper Check: 8 Hopper Amount: 1
[07:17:48] [Server thread/INFO]: Random Lighting Updates: false
[07:17:48] [Server thread/INFO]: Structure Info Saving: true
[07:17:48] [Server thread/INFO]: Sending up to 10 chunks per packet
[07:17:48] [Server thread/INFO]: Max Entity Collisions: 8
[07:17:48] [Server thread/INFO]: Custom Map Seeds:  Village: 10387312 Feature: 14357617
[07:17:48] [Server thread/INFO]: Max TNT Explosions: 100
[07:17:48] [Server thread/INFO]: Tile Max Tick Time: 50ms Entity max Tick Time: 50ms
[07:17:48] [Server thread/INFO]: Item Despawn Rate: 6000
[07:17:48] [Server thread/INFO]: Item Merge Radius: 2.5
[07:17:48] [Server thread/INFO]: Arrow Despawn Rate: 1200
[07:17:48] [Server thread/INFO]: Allow Zombie Pigmen to spawn from portal blocks: true
[07:17:48] [Server thread/INFO]: View Distance: 4
[07:17:48] [Server thread/INFO]: Zombie Aggressive Towards Villager: true
[07:17:48] [Server thread/INFO]: Chunks to Grow per Tick: 650
[07:17:48] [Server thread/INFO]: Clear tick list: false
[07:17:48] [Server thread/INFO]: Experience Merge Radius: 3.0
[07:17:48] [Server thread/INFO]: -------- World Settings For [world_nether] --------
[07:17:48] [Server thread/INFO]: Squids will spawn between Y: 45.0 and Y: 63.0
[07:17:48] [Server thread/INFO]: Max height for cactus growth 3. Max height for reed growth 3
[07:17:48] [Server thread/INFO]: Living Entity Despawn Ranges:  Soft: 32 Hard: 128
[07:17:48] [Server thread/INFO]: Player blocking damage multiplier set to 0.5
[07:17:48] [Server thread/INFO]: Remove invalid mob spawner tile entities: true
[07:17:48] [Server thread/INFO]: Water over lava flow speed: 5
[07:17:48] [Server thread/INFO]: Fix TNT cannons: false
[07:17:48] [Server thread/INFO]: Allow undead horse types to be leashed: false
[07:17:48] [Server thread/INFO]: Keep spawn chunk loaded: true
[07:17:48] [Server thread/INFO]: World async lighting: false
[07:17:48] [Server thread/INFO]: WorldServer TickNextTick cap set at 10000
[07:17:48] [Server thread/INFO]: WorldServer TickNextTickList cap always processes redstone: false
[07:17:48] [Server thread/INFO]: -------- World Settings For [world_the_end] --------
[07:17:48] [Server thread/INFO]: Mob Spawn Range: 4
[07:17:48] [Server thread/INFO]: Anti X-Ray: true
[07:17:48] [Server thread/INFO]: 	Engine Mode: 1
[07:17:48] [Server thread/INFO]: 	Hidden Blocks: [14, 15, 16, 21, 48, 49, 54, 56, 73, 74, 82, 129, 130]
[07:17:48] [Server thread/INFO]: 	Replace Blocks: [1, 5]
[07:17:48] [Server thread/INFO]: Nerfing mobs spawned from spawners: false
[07:17:48] [Server thread/INFO]: Cactus Growth Modifier: 100%
[07:17:48] [Server thread/INFO]: Cane Growth Modifier: 100%
[07:17:48] [Server thread/INFO]: Melon Growth Modifier: 100%
[07:17:48] [Server thread/INFO]: Mushroom Growth Modifier: 100%
[07:17:48] [Server thread/INFO]: Pumpkin Growth Modifier: 100%
[07:17:48] [Server thread/INFO]: Sapling Growth Modifier: 100%
[07:17:48] [Server thread/INFO]: Wheat Growth Modifier: 100%
[07:17:48] [Server thread/INFO]: NetherWart Growth Modifier: 100%
[07:17:48] [Server thread/INFO]: Entity Activation Range: An 32 / Mo 32 / Mi 16
[07:17:48] [Server thread/INFO]: Entity Tracking Range: Pl 48 / An 48 / Mo 48 / Mi 32 / Other 64
[07:17:48] [Server thread/INFO]: Hopper Transfer: 8 Hopper Check: 8 Hopper Amount: 1
[07:17:48] [Server thread/INFO]: Random Lighting Updates: false
[07:17:48] [Server thread/INFO]: Structure Info Saving: true
[07:17:48] [Server thread/INFO]: Sending up to 10 chunks per packet
[07:17:48] [Server thread/INFO]: Max Entity Collisions: 8
[07:17:48] [Server thread/INFO]: Custom Map Seeds:  Village: 10387312 Feature: 14357617
[07:17:48] [Server thread/INFO]: Max TNT Explosions: 100
[07:17:48] [Server thread/INFO]: Tile Max Tick Time: 50ms Entity max Tick Time: 50ms
[07:17:48] [Server thread/INFO]: Item Despawn Rate: 6000
[07:17:48] [Server thread/INFO]: Item Merge Radius: 2.5
[07:17:48] [Server thread/INFO]: Arrow Despawn Rate: 1200
[07:17:48] [Server thread/INFO]: Allow Zombie Pigmen to spawn from portal blocks: true
[07:17:48] [Server thread/INFO]: View Distance: 4
[07:17:48] [Server thread/INFO]: Zombie Aggressive Towards Villager: true
[07:17:48] [Server thread/INFO]: Chunks to Grow per Tick: 650
[07:17:48] [Server thread/INFO]: Clear tick list: false
[07:17:48] [Server thread/INFO]: Experience Merge Radius: 3.0
[07:17:48] [Server thread/INFO]: -------- World Settings For [world_the_end] --------
[07:17:48] [Server thread/INFO]: Squids will spawn between Y: 45.0 and Y: 63.0
[07:17:48] [Server thread/INFO]: Max height for cactus growth 3. Max height for reed growth 3
[07:17:48] [Server thread/INFO]: Living Entity Despawn Ranges:  Soft: 32 Hard: 128
[07:17:48] [Server thread/INFO]: Player blocking damage multiplier set to 0.5
[07:17:48] [Server thread/INFO]: Remove invalid mob spawner tile entities: true
[07:17:48] [Server thread/INFO]: Water over lava flow speed: 5
[07:17:48] [Server thread/INFO]: Fix TNT cannons: false
[07:17:48] [Server thread/INFO]: Allow undead horse types to be leashed: false
[07:17:48] [Server thread/INFO]: Keep spawn chunk loaded: true
[07:17:48] [Server thread/INFO]: World async lighting: false
[07:17:48] [Server thread/INFO]: WorldServer TickNextTick cap set at 10000
[07:17:48] [Server thread/INFO]: WorldServer TickNextTickList cap always processes redstone: false
[07:17:48] [Server thread/INFO]: Preparing start region for level 0 (Seed: 9209733850031823552)
[07:17:49] [Server thread/INFO]: Preparing spawn area: 72%
[07:17:49] [Server thread/INFO]: Preparing start region for level 1 (Seed: 9209733850031823552)
[07:17:50] [Server thread/INFO]: Preparing spawn area: 94%
[07:17:50] [Server thread/INFO]: Preparing start region for level 2 (Seed: 9209733850031823552)
[07:17:50] [Server thread/INFO]: [SimpleTpa] Enabling SimpleTpa v6.4
[07:17:50] [Server thread/INFO]: [0;33;1m[21m[SimpleTpa] If you need support contact me at https://discord.gg/SZUkza9[m

[07:17:50] [Server thread/INFO]: [0;33;1m[21m[SimpleTpa] Simple Tpa has been enabled on version 6.4[m

[07:17:50] [Server thread/INFO]: Enabled metrics. You may opt-out by changing plugins/bStats/config.yml
[07:17:50] [Server thread/INFO]: [[EaglerPluginInstaller]] Enabling EaglerPluginInstaller v1.1.4
[07:17:50] [Server thread/INFO]: Check 1 passed

[07:17:51] [Server thread/INFO]: Check 3 passed

[07:17:51] [Server thread/INFO]: --------------------------------------------[m

[07:17:51] [Server thread/INFO]: --------------------------------------------[m

[07:17:51] [Server thread/INFO]: [0;32;1m[EaglerPluginInstaller][0;36;1m EaglerPluginInstaller V1.1.5 is now Enabled! :D[m

[07:17:51] [Server thread/INFO]: To use PluginInstaller, run the command "/install <pluginname>" ("install <pluginname>" in console) to install a plugin[m

[07:17:51] [Server thread/INFO]: To get a list of installable plugins, use the command "/plist" or "plist" in console[m

[07:17:51] [Server thread/INFO]: You can request to add a new plugin to the database by going to https://github.com/darverdevs/PluginInstallerRepo/tree/main[m

[07:17:51] [Server thread/INFO]: and creating an issue or pull request of the plugin you want to add[m

[07:17:51] [Server thread/INFO]: --------------------------------------------[m

[07:17:51] [Server thread/INFO]: --------------------------------------------[m

[07:17:51] [Server thread/INFO]: [MyWarp] Enabling MyWarp v2.6.1
[07:17:51] [Server thread/ERROR]: [MyWarp] Failed to create default config.yml , using build-in defaults: 
java.io.FileNotFoundException: plugins/MyWarp/config.yml (Is a directory)
	at java.io.FileOutputStream.open0(Native Method) ~[?:?]
	at java.io.FileOutputStream.open(FileOutputStream.java:289) ~[?:?]
	at java.io.FileOutputStream.<init>(FileOutputStream.java:230) ~[?:?]
	at java.io.FileOutputStream.<init>(FileOutputStream.java:179) ~[?:?]
	at org.bukkit.configuration.file.FileConfiguration.save(FileConfiguration.java:105) ~[patched_1.8.8.jar:git-PaperSpigot-445]
	at me.taylorkelly.mywarp.WarpSettings.getYAMLConfig(WarpSettings.java:125) ~[?:?]
	at me.taylorkelly.mywarp.WarpSettings.<init>(WarpSettings.java:75) ~[?:?]
	at me.taylorkelly.mywarp.MyWarp.onEnable(MyWarp.java:226) ~[?:?]
	at org.bukkit.plugin.java.JavaPlugin.setEnabled(JavaPlugin.java:321) ~[patched_1.8.8.jar:git-PaperSpigot-445]
	at org.bukkit.plugin.java.JavaPluginLoader.enablePlugin(JavaPluginLoader.java:332) ~[patched_1.8.8.jar:git-PaperSpigot-445]
	at org.bukkit.plugin.SimplePluginManager.enablePlugin(SimplePluginManager.java:407) ~[patched_1.8.8.jar:git-PaperSpigot-445]
	at org.bukkit.craftbukkit.v1_8_R3.CraftServer.loadPlugin(CraftServer.java:359) ~[patched_1.8.8.jar:git-PaperSpigot-445]
	at org.bukkit.craftbukkit.v1_8_R3.CraftServer.enablePlugins(CraftServer.java:318) ~[patched_1.8.8.jar:git-PaperSpigot-445]
	at net.minecraft.server.v1_8_R3.MinecraftServer.s(MinecraftServer.java:408) ~[patched_1.8.8.jar:git-PaperSpigot-445]
	at net.minecraft.server.v1_8_R3.MinecraftServer.k(MinecraftServer.java:372) ~[patched_1.8.8.jar:git-PaperSpigot-445]
	at net.minecraft.server.v1_8_R3.MinecraftServer.a(MinecraftServer.java:327) ~[patched_1.8.8.jar:git-PaperSpigot-445]
	at net.minecraft.server.v1_8_R3.DedicatedServer.init(DedicatedServer.java:267) ~[patched_1.8.8.jar:git-PaperSpigot-445]
	at net.minecraft.server.v1_8_R3.MinecraftServer.run(MinecraftServer.java:563) ~[patched_1.8.8.jar:git-PaperSpigot-445]
	at java.lang.Thread.run(Thread.java:1583) [?:?]
[07:17:51] [Server thread/INFO]: [MyWarp] No supported permissions plugin found, using Superperms fallback for group support
[07:17:51] [Server thread/INFO]: [MyWarp] 0 warps loaded
[07:17:52] [Server thread/INFO]: [MyWarp] Using localization: en_US
[07:17:52] [Server thread/INFO]: [WorldEdit] Enabling WorldEdit v6.1;no_git_id
[07:17:52] [Server thread/INFO]: WEPIF: Using the Bukkit Permissions API.
[07:17:52] [Server thread/INFO]: [WorldEdit] Using com.sk89q.worldedit.bukkit.adapter.impl.Spigot_v1_8_R3 as the Bukkit adapter
[07:17:52] [Server thread/INFO]: [EssentialsProtect] Enabling EssentialsProtect v2.11.1
[07:17:52] [Server thread/ERROR]: Essentials not installed or failed to load. Essenials Protect is in emergency mode now.
[07:17:52] [Server thread/INFO]: [LoginSecurity] Enabling LoginSecurity v3.2.0
[07:17:52] [Server thread/INFO]: [LoginSecurity] Loading base translations from "en_us"
[07:17:52] [Server thread/INFO]: [LoginSecurity] Loading specified translations from "en_us"
[07:17:52] [Server thread/INFO]: [LoginSecurity] Registering commands...
[07:17:52] [Server thread/INFO]: [LoginSecurity] Registering listeners...
[07:17:52] [Server thread/INFO]: [ClearLag] Enabling ClearLag v2.3.1
[07:17:52] [Server thread/INFO]: [ClearLag] Checking for a new update...
[07:17:52] [Thread-7/WARN]: [ClearLag] Could not reach dev.bukkit.org for update checking. Is it offline?
[07:17:52] [Server thread/INFO]: [ClearLag] Update found! Downloading...
[07:17:52] [Server thread/INFO]: [ClearLag] New clearlag will be enabled on restart!
[07:17:52] [Server thread/INFO]: [ClearLag] ClearLag is now enabled.
[07:17:52] [Server thread/INFO]: [SimpleHomes] Enabling SimpleHomes v2.2
[07:17:52] [Server thread/INFO]: [[EaglerPluginUpdater]] Enabling EaglerPluginUpdater v1.1.2
[07:17:53] [Server thread/INFO]: [[EaglerPluginInstaller]] Disabling EaglerPluginInstaller v1.1.4
[07:17:53] [Server thread/INFO]: --------------------------------------------[m

[07:17:53] [Server thread/INFO]: --------------------------------------------[m

[07:17:53] [Server thread/INFO]: [0;32;1m[EaglerPluginInstaller][0;36;1m PluginInstaller V1.1.5 is now Disabled! D:[m

[07:17:53] [Server thread/INFO]: --------------------------------------------[m

[07:17:53] [Server thread/INFO]: --------------------------------------------[m

[07:17:53] [Server thread/INFO]: [[EaglerPluginInstaller]] Enabling EaglerPluginInstaller v1.1.4
[07:17:53] [Server thread/INFO]: Check 1 passed

[07:17:53] [Server thread/INFO]: Check 3 passed

[07:17:53] [Server thread/INFO]: --------------------------------------------[m

[07:17:53] [Server thread/INFO]: --------------------------------------------[m

[07:17:53] [Server thread/INFO]: [0;32;1m[EaglerPluginInstaller][0;36;1m EaglerPluginInstaller V1.1.5 is now Enabled! :D[m

[07:17:53] [Server thread/INFO]: To use PluginInstaller, run the command "/install <pluginname>" ("install <pluginname>" in console) to install a plugin[m

[07:17:53] [Server thread/INFO]: To get a list of installable plugins, use the command "/plist" or "plist" in console[m

[07:17:53] [Server thread/INFO]: You can request to add a new plugin to the database by going to https://github.com/darverdevs/PluginInstallerRepo/tree/main[m

[07:17:53] [Server thread/INFO]: and creating an issue or pull request of the plugin you want to add[m

[07:17:53] [Server thread/INFO]: --------------------------------------------[m

[07:17:53] [Server thread/INFO]: --------------------------------------------[m

[07:17:53] [Server thread/INFO]: --------------------------------------------[m

[07:17:53] [Server thread/INFO]: --------------------------------------------[m

[07:17:53] [Server thread/INFO]: [0;32;1m[EaglerPluginUpdater][0;36;1m EaglerPluginUpdater V1.1.2 is now Enabled! :D[m

[07:17:53] [Server thread/INFO]: You do not need to do anything, this plugin will automatically update your PluginUpdater on startup[m

[07:17:53] [Server thread/INFO]: --------------------------------------------[m

[07:17:53] [Server thread/INFO]: --------------------------------------------[m

[07:17:53] [Server thread/INFO]: [Multiverse-Core] Enabling Multiverse-Core v2.5-b678
[07:17:53] [Server thread/INFO]: [Multiverse-Core] [AllPay] - Version 13.0 - using only an item based economy for Multiverse-Core v2.5-b678
[07:17:53] [Server thread/INFO]: -------- World Settings For [flatroom] --------
[07:17:53] [Server thread/INFO]: Mob Spawn Range: 4
[07:17:53] [Server thread/INFO]: Anti X-Ray: true
[07:17:53] [Server thread/INFO]: 	Engine Mode: 1
[07:17:53] [Server thread/INFO]: 	Hidden Blocks: [14, 15, 16, 21, 48, 49, 54, 56, 73, 74, 82, 129, 130]
[07:17:53] [Server thread/INFO]: 	Replace Blocks: [1, 5]
[07:17:53] [Server thread/INFO]: Nerfing mobs spawned from spawners: false
[07:17:53] [Server thread/INFO]: Cactus Growth Modifier: 100%
[07:17:53] [Server thread/INFO]: Cane Growth Modifier: 100%
[07:17:53] [Server thread/INFO]: Melon Growth Modifier: 100%
[07:17:53] [Server thread/INFO]: Mushroom Growth Modifier: 100%
[07:17:53] [Server thread/INFO]: Pumpkin Growth Modifier: 100%
[07:17:53] [Server thread/INFO]: Sapling Growth Modifier: 100%
[07:17:53] [Server thread/INFO]: Wheat Growth Modifier: 100%
[07:17:53] [Server thread/INFO]: NetherWart Growth Modifier: 100%
[07:17:53] [Server thread/INFO]: Entity Activation Range: An 32 / Mo 32 / Mi 16
[07:17:53] [Server thread/INFO]: Entity Tracking Range: Pl 48 / An 48 / Mo 48 / Mi 32 / Other 64
[07:17:53] [Server thread/INFO]: Hopper Transfer: 8 Hopper Check: 8 Hopper Amount: 1
[07:17:53] [Server thread/INFO]: Random Lighting Updates: false
[07:17:53] [Server thread/INFO]: Structure Info Saving: true
[07:17:53] [Server thread/INFO]: Sending up to 10 chunks per packet
[07:17:53] [Server thread/INFO]: Max Entity Collisions: 8
[07:17:53] [Server thread/INFO]: Custom Map Seeds:  Village: 10387312 Feature: 14357617
[07:17:53] [Server thread/INFO]: Max TNT Explosions: 100
[07:17:53] [Server thread/INFO]: Tile Max Tick Time: 50ms Entity max Tick Time: 50ms
[07:17:53] [Server thread/INFO]: Item Despawn Rate: 6000
[07:17:53] [Server thread/INFO]: Item Merge Radius: 2.5
[07:17:53] [Server thread/INFO]: Arrow Despawn Rate: 1200
[07:17:53] [Server thread/INFO]: Allow Zombie Pigmen to spawn from portal blocks: true
[07:17:53] [Server thread/INFO]: View Distance: 4
[07:17:53] [Server thread/INFO]: Zombie Aggressive Towards Villager: true
[07:17:53] [Server thread/INFO]: Chunks to Grow per Tick: 650
[07:17:53] [Server thread/INFO]: Clear tick list: false
[07:17:53] [Server thread/INFO]: Experience Merge Radius: 3.0
[07:17:53] [Server thread/INFO]: -------- World Settings For [flatroom] --------
[07:17:53] [Server thread/INFO]: Squids will spawn between Y: 45.0 and Y: 63.0
[07:17:53] [Server thread/INFO]: Max height for cactus growth 3. Max height for reed growth 3
[07:17:53] [Server thread/INFO]: Living Entity Despawn Ranges:  Soft: 32 Hard: 128
[07:17:53] [Server thread/INFO]: Player blocking damage multiplier set to 0.5
[07:17:53] [Server thread/INFO]: Remove invalid mob spawner tile entities: true
[07:17:53] [Server thread/INFO]: Water over lava flow speed: 5
[07:17:53] [Server thread/INFO]: Fix TNT cannons: false
[07:17:53] [Server thread/INFO]: Allow undead horse types to be leashed: false
[07:17:53] [Server thread/INFO]: Keep spawn chunk loaded: true
[07:17:53] [Server thread/INFO]: World async lighting: false
[07:17:53] [Server thread/INFO]: WorldServer TickNextTick cap set at 10000
[07:17:53] [Server thread/INFO]: WorldServer TickNextTickList cap always processes redstone: false
[07:17:53] [Server thread/INFO]: Preparing start region for level 3 (Seed: -7980961238081909581)
[07:17:53] [Server thread/INFO]: [Multiverse-Core] 4 - World(s) loaded.
[07:17:53] [Server thread/INFO]: [Multiverse-Core] Version 2.5-b678 (API v18) Enabled - By Rigby, fernferret, lithium3141 and main--
[07:17:53] [Server thread/INFO]: [DeluxeHub] Enabling DeluxeHub v3.5.4
[07:17:53] [Server thread/INFO]: [DeluxeHub]  _   _            _          _    _ 
[07:17:53] [Server thread/INFO]: [DeluxeHub] | \ |_ |  | | \/ |_ |_| | | |_)   _)
[07:17:53] [Server thread/INFO]: [DeluxeHub] |_/ |_ |_ |_| /\ |_ | | |_| |_)   _)
[07:17:53] [Server thread/INFO]: [DeluxeHub] 
[07:17:53] [Server thread/INFO]: [DeluxeHub] Version: 3.5.4
[07:17:53] [Server thread/INFO]: [DeluxeHub] Author: ItsLewizzz
[07:17:53] [Server thread/INFO]: [DeluxeHub] 
[07:17:53] [Server thread/INFO]: [DeluxeHub] Loaded custom menu 'serverselector'.
[07:17:54] [Server thread/INFO]: [NBTAPI] Found Spigot: v1_8_R3! Trying to find NMS support
[07:17:54] [Server thread/INFO]: [NBTAPI] NMS support 'MC1_8_R3' loaded!
[07:17:54] [Server thread/INFO]: [NBTAPI] Found Gson: class com.google.gson.Gson
[07:17:54] [Server thread/INFO]: [DeluxeHub] Loaded 16 plugin modules.
[07:17:54] [Server thread/INFO]: [DeluxeHub] 
[07:17:54] [Server thread/INFO]: [DeluxeHub] Successfully loaded in 371ms
[07:17:54] [Server thread/INFO]: [BattleArena] Enabling BattleArena v3.8.8.3.3
[07:17:54] [Server thread/INFO]: [0;31;22m[BattleArena] [0;33;22mv3.8.8.3.3[0;37;1m enabling![m

[07:17:54] [Server thread/INFO]: [BattleArena] BattleTracker not detected, not tracking wins
[07:17:54] [Server thread/INFO]: [BattleArena] Multiverse-Core detected. Implementing teleport/gamemode workarounds
[07:17:54] [Server thread/INFO]: [BattleArena] WorldEdit detected.
[07:17:54] [Server thread/INFO]: [BattleArena] no additional Arena modules
[07:17:54] [Server thread/INFO]: [BattleArena] registering classes: gladiator, archer, monk
[07:17:54] [Server thread/INFO]: [BattleArena] Loaded Skirmish params
[07:17:54] [Server thread/INFO]: [BattleArena] has no arenas, cs section =
[07:17:54] [Server thread/INFO]: [BattleArena] Loaded Duel params
[07:17:54] [Server thread/INFO]: [BattleArena] has no arenas, cs section =
[07:17:54] [Server thread/INFO]: [BattleArena] Loaded DeathMatch params
[07:17:54] [Server thread/INFO]: [BattleArena] has no arenas, cs section =
[07:17:54] [Server thread/INFO]: [BattleArena] Loaded FreeForAll params
[07:17:54] [Server thread/INFO]: [BattleArena] has no arenas, cs section =
[07:17:54] [Server thread/INFO]: [BattleArena] Loaded Arena params
[07:17:54] [Server thread/INFO]: [BattleArena] has no arenas, cs section =
[07:17:54] [Server thread/INFO]: [BattleArena] Loaded Colosseum params
[07:17:54] [Server thread/INFO]: [BattleArena] has no arenas, cs section =
[07:17:54] [Server thread/INFO]: [BattleArena] Loaded Battleground params
[07:17:54] [Server thread/INFO]: [BattleArena] has no arenas, cs section =
[07:17:54] [Server thread/INFO]: [BattleArena] Loaded Tourney params
[07:17:54] [Server thread/INFO]: [0;31;22m[BattleArena] [0;33;22mv3.8.8.3.3[0;37;1m enabled![m

[07:17:54] [Server thread/INFO]: Server permissions file permissions.yml is empty, ignoring it
[07:17:54] [Timer-2/INFO]: [PluginUpdater] BattleArena v3.8.8.3.3 checking for updates

[07:17:54] [Server thread/INFO]: Done (6.665s)! For help, type "help" or "?"
[07:17:54] [Server thread/INFO]: Timings Reset
[07:17:54] [Server thread/INFO]: [BattleArena] has no scheduled events
[07:17:54] [Craft Scheduler Thread - 1/INFO]: [Metrics] Connection refused
[07:17:54] [Craft Scheduler Thread - 0/INFO]: [0;31;1m[21m[SimpleTpa] There is a new update available.[m

[07:17:54] [Craft Scheduler Thread - 0/INFO]: [0;31;1m[SimpleTpa] There is a new update available:[m

[07:17:54] [Craft Scheduler Thread - 0/INFO]: [0;31;1m[SimpleTpa] https://www.spigotmc.org/resources/simple-tpa.64270/[m

