[08:34:55] [main/INFO]: Using mbed TLS based native cipher.
[08:34:55] [main/INFO]: Using zlib based native compressor.
[08:34:55] [main/INFO]: Enabled Waterfall version git:Waterfall-Bootstrap:1.21-R0.1-SNAPSHOT:de8345a:579
[08:34:55] [main/WARN]: Waterfall has reached end of life and is no longer maintained. We recommend you transition to Velocity (https://papermc.io/software/velocity). For more information, see the announcement (https://forums.papermc.io/threads/1088/).
[08:34:55] [main/INFO]: Not on Windows, attempting to use enhanced EpollEventLoop
[08:34:55] [main/INFO]: Epoll is working, utilising it!
[08:34:55] [main/INFO]: Discovered module: ModuleSpec(name=cmd_alert, file=modules/cmd_alert.jar, provider=JenkinsModuleSource())
[08:34:55] [main/INFO]: Discovered module: ModuleSpec(name=cmd_find, file=modules/cmd_find.jar, provider=JenkinsModuleSource())
[08:34:55] [main/INFO]: Discovered module: ModuleSpec(name=cmd_list, file=modules/cmd_list.jar, provider=JenkinsModuleSource())
[08:34:55] [main/INFO]: Discovered module: ModuleSpec(name=cmd_send, file=modules/cmd_send.jar, provider=JenkinsModuleSource())
[08:34:55] [main/INFO]: Discovered module: ModuleSpec(name=cmd_server, file=modules/cmd_server.jar, provider=JenkinsModuleSource())
[08:34:55] [main/INFO]: Discovered module: ModuleSpec(name=reconnect_yaml, file=modules/reconnect_yaml.jar, provider=JenkinsModuleSource())
[08:34:55] [main/INFO]: Attempting to update plugin from null to ModuleVersion(build=579, git=de8345a)
[08:34:55] [main/INFO]: Attempting to Jenkins download module cmd_alert v579
[08:34:56] [main/INFO]: Download complete
[08:34:56] [main/INFO]: Attempting to update plugin from null to ModuleVersion(build=579, git=de8345a)
[08:34:56] [main/INFO]: Attempting to Jenkins download module cmd_find v579
[08:34:56] [main/INFO]: Download complete
[08:34:56] [main/INFO]: Attempting to update plugin from null to ModuleVersion(build=579, git=de8345a)
[08:34:56] [main/INFO]: Attempting to Jenkins download module cmd_list v579
[08:34:56] [main/INFO]: Download complete
[08:34:56] [main/INFO]: Attempting to update plugin from null to ModuleVersion(build=579, git=de8345a)
[08:34:56] [main/INFO]: Attempting to Jenkins download module cmd_send v579
[08:34:56] [main/INFO]: Download complete
[08:34:56] [main/INFO]: Attempting to update plugin from null to ModuleVersion(build=579, git=de8345a)
[08:34:56] [main/INFO]: Attempting to Jenkins download module cmd_server v579
[08:34:56] [main/INFO]: Download complete
[08:34:56] [main/INFO]: Attempting to update plugin from null to ModuleVersion(build=579, git=de8345a)
[08:34:56] [main/INFO]: Attempting to Jenkins download module reconnect_yaml v579
[08:34:56] [main/INFO]: Download complete
[08:34:56] [main/INFO]: Loaded plugin reconnect_yaml version git:reconnect_yaml:1.21-R0.1-SNAPSHOT:de8345a:579 by WaterfallMC
[08:34:56] [main/INFO]: Loaded plugin cmd_find version git:cmd_find:1.21-R0.1-SNAPSHOT:de8345a:579 by WaterfallMC
[08:34:56] [main/INFO]: Loaded plugin cmd_server version git:cmd_server:1.21-R0.1-SNAPSHOT:de8345a:579 by WaterfallMC
[08:34:56] [main/INFO]: Loaded plugin cmd_alert version git:cmd_alert:1.21-R0.1-SNAPSHOT:de8345a:579 by WaterfallMC
[08:34:56] [main/INFO]: Loaded plugin cmd_send version git:cmd_send:1.21-R0.1-SNAPSHOT:de8345a:579 by WaterfallMC
[08:34:56] [main/INFO]: Loaded plugin cmd_list version git:cmd_list:1.21-R0.1-SNAPSHOT:de8345a:579 by WaterfallMC
[08:34:56] [main/WARN]: :>:>:>:>:>:>:>:>:>:>:>:>:>:>:>:>:>:>:>:>:>:>:>
[08:34:56] [main/WARN]: :>  
[08:34:56] [main/WARN]: :>      EAGLERCRAFTXBUNGEE WARNING:
[08:34:56] [main/WARN]: :>  
[08:34:56] [main/WARN]: :>  This plugin wasn't tested to be 'working'
[08:34:56] [main/WARN]: :>  with ANY version of BungeeCord (and forks)
[08:34:56] [main/WARN]: :>  apart from the versions listed below:
[08:34:56] [main/WARN]: :>  
[08:34:56] [main/WARN]: :>  - BungeeCord: 1.21-R0.1-SNAPSHOT:acb85e3:1871
[08:34:56] [main/WARN]: :>  - Waterfall: 1.21-R0.1-SNAPSHOT:de8345a:579
[08:34:56] [main/WARN]: :>  
[08:34:56] [main/WARN]: :>  This is not a Bukkit/Spigot plugin!
[08:34:56] [main/WARN]: :>  
[08:34:56] [main/WARN]: :>  Use "-Deaglerxbungee.stfu=true" to hide
[08:34:56] [main/WARN]: :>  
[08:34:56] [main/WARN]: :>:>:>:>:>:>:>:>:>:>:>:>:>:>:>:>:>:>:>:>:>:>:>
[08:34:56] [main/INFO] [EaglercraftXBungee]: Loading vanilla profile: lax1dude
[08:34:57] [Skin Download Thread #1/INFO] [EaglercraftXBungee]: Loaded vanilla profile: lax1dude
[08:34:57] [main/INFO]: Loaded plugin EaglercraftXBungee version 1.3.1 by lax1dude
[08:34:57] [main/WARN]: Forced host server pvp is not defined
[08:34:57] [main/INFO]: Enabled plugin reconnect_yaml version git:reconnect_yaml:1.21-R0.1-SNAPSHOT:de8345a:579 by WaterfallMC
[08:34:57] [main/INFO]: Enabled plugin cmd_find version git:cmd_find:1.21-R0.1-SNAPSHOT:de8345a:579 by WaterfallMC
[08:34:57] [main/INFO]: Enabled plugin cmd_server version git:cmd_server:1.21-R0.1-SNAPSHOT:de8345a:579 by WaterfallMC
[08:34:57] [main/INFO]: Enabled plugin cmd_alert version git:cmd_alert:1.21-R0.1-SNAPSHOT:de8345a:579 by WaterfallMC
[08:34:57] [main/INFO]: Enabled plugin cmd_send version git:cmd_send:1.21-R0.1-SNAPSHOT:de8345a:579 by WaterfallMC
[08:34:57] [main/INFO]: Enabled plugin cmd_list version git:cmd_list:1.21-R0.1-SNAPSHOT:de8345a:579 by WaterfallMC
[08:34:57] [main/ERROR] [EaglercraftXBungee]: Online mode is set to false! Authentication system has been disabled
[08:34:57] [Netty Boss IO Thread #0/INFO] [EaglercraftXBungee]: Eaglercraft is listening on: /0.0.0.0:8081
[08:34:57] [main/INFO] [EaglercraftXBungee]: Downloading from maven: https://repo1.maven.org/maven2/org/xerial/sqlite-jdbc/3.45.0.0/sqlite-jdbc-3.45.0.0.jar
[08:34:57] [main/INFO] [EaglercraftXBungee]: Connected to database: jdbc:sqlite:eaglercraft_skins_cache.db
[08:34:57] [main/INFO] [EaglercraftXBungee]: Voice chat disabled, add "allow_voice: true" to your listeners to enable
[08:34:57] [main/INFO]: Enabled plugin EaglercraftXBungee version 1.3.1 by lax1dude
[08:34:57] [Netty Boss IO Thread #1/INFO]: Listening on /127.0.0.1:25577
[08:49:03] [Netty Worker IO Thread #0/WARN] [EaglercraftXBungee]: Server icon is not a file: /workspaces/server/bungee/server-icon.png
[08:49:08] [Netty Worker IO Thread #1/INFO] [EaglercraftXBungee]: [/[0:0:0:0:0:0:0:1%0]:56726]: Connected via websocket
[08:49:08] [Netty Worker IO Thread #1/INFO] [EaglercraftXBungee]: [/[0:0:0:0:0:0:0:1%0]:56726]: Origin header is null
[08:49:08] [Netty Worker IO Thread #1/INFO] [EaglercraftXBungee]: [/[0:0:0:0:0:0:0:1%0]:56726]: Logged in as 'Mistery'
[08:49:08] [Netty Worker IO Thread #1/INFO]: [/[0:0:0:0:0:0:0:1%0]:56726|Mistery] -> UpstreamBridge has connected
[08:49:08] [Netty Worker IO Thread #1/INFO]: [Mistery|/[0:0:0:0:0:0:0:1%0]:56726] <-> ServerConnector [lobby] has connected
[08:49:39] [Netty Worker IO Thread #1/INFO]: [Mistery] disconnected with: Login timed out!
[08:49:39] [Netty Worker IO Thread #1/INFO]: [/[0:0:0:0:0:0:0:1%0]:56726|Mistery] -> UpstreamBridge has disconnected
[08:49:39] [Netty Worker IO Thread #1/INFO]: [/[0:0:0:0:0:0:0:1%0]:56726|Mistery] <-> DownstreamBridge <-> [lobby] has disconnected
[08:49:45] [Netty Worker IO Thread #2/INFO] [EaglercraftXBungee]: [/[0:0:0:0:0:0:0:1%0]:45646]: Connected via websocket
[08:49:45] [Netty Worker IO Thread #2/INFO] [EaglercraftXBungee]: [/[0:0:0:0:0:0:0:1%0]:45646]: Origin header is null
[08:49:45] [Netty Worker IO Thread #2/INFO] [EaglercraftXBungee]: [/[0:0:0:0:0:0:0:1%0]:45646]: Logged in as 'Mistery'
[08:49:45] [Netty Worker IO Thread #2/INFO]: [/[0:0:0:0:0:0:0:1%0]:45646|Mistery] -> UpstreamBridge has connected
[08:49:45] [Netty Worker IO Thread #2/INFO]: [Mistery|/[0:0:0:0:0:0:0:1%0]:45646] <-> ServerConnector [lobby] has connected
[08:50:18] [Netty Worker IO Thread #2/INFO]: [/[0:0:0:0:0:0:0:1%0]:45646|Mistery] -> UpstreamBridge has disconnected
[08:50:18] [Netty Worker IO Thread #2/INFO]: [Mistery] disconnected with: Proxy lost connection to server.
[08:50:18] [Netty Worker IO Thread #2/INFO]: [/[0:0:0:0:0:0:0:1%0]:45646|Mistery] <-> DownstreamBridge <-> [lobby] has disconnected
[08:50:40] [Netty Worker IO Thread #0/INFO] [EaglercraftXBungee]: [/[0:0:0:0:0:0:0:1%0]:58572]: Connected via websocket
[08:50:40] [Netty Worker IO Thread #0/INFO] [EaglercraftXBungee]: [/[0:0:0:0:0:0:0:1%0]:58572]: Origin header is null
[08:50:40] [Netty Worker IO Thread #0/INFO] [EaglercraftXBungee]: [/[0:0:0:0:0:0:0:1%0]:58572]: Logged in as 'Mistery'
[08:50:40] [Netty Worker IO Thread #0/INFO]: [/[0:0:0:0:0:0:0:1%0]:58572|Mistery] -> UpstreamBridge has connected
[08:50:40] [Netty Worker IO Thread #0/INFO]: [Mistery|/[0:0:0:0:0:0:0:1%0]:58572] <-> ServerConnector [lobby] has connected
[08:55:12] [Netty Worker IO Thread #0/INFO]: [Mistery] disconnected with: Proxy lost connection to server.
[08:55:12] [Netty Worker IO Thread #0/INFO]: [/[0:0:0:0:0:0:0:1%0]:58572|Mistery] <-> DownstreamBridge <-> [lobby] has disconnected
[08:55:12] [Netty Worker IO Thread #0/INFO]: [/[0:0:0:0:0:0:0:1%0]:58572|Mistery] -> UpstreamBridge has disconnected
[08:55:40] [Netty Worker IO Thread #1/INFO] [EaglercraftXBungee]: [/[0:0:0:0:0:0:0:1%0]:40842]: Connected via websocket
[08:55:40] [Netty Worker IO Thread #1/INFO] [EaglercraftXBungee]: [/[0:0:0:0:0:0:0:1%0]:40842]: Origin header is null
[08:55:40] [Netty Worker IO Thread #1/INFO] [EaglercraftXBungee]: [/[0:0:0:0:0:0:0:1%0]:40842]: Logged in as 'Mistery'
[08:55:40] [Netty Worker IO Thread #1/INFO]: [/[0:0:0:0:0:0:0:1%0]:40842|Mistery] -> UpstreamBridge has connected
[08:55:40] [Netty Worker IO Thread #1/INFO]: [Mistery|/[0:0:0:0:0:0:0:1%0]:40842] <-> ServerConnector [lobby] has connected
[08:59:41] [Netty Worker IO Thread #1/INFO]: [Mistery] disconnected with: Proxy lost connection to server.
[08:59:41] [Netty Worker IO Thread #1/INFO]: [/[0:0:0:0:0:0:0:1%0]:40842|Mistery] <-> DownstreamBridge <-> [lobby] has disconnected
[08:59:41] [Netty Worker IO Thread #1/INFO]: [/[0:0:0:0:0:0:0:1%0]:40842|Mistery] -> UpstreamBridge has disconnected
